<?xml version="1.0" encoding="UTF-8"?>
<testng-results ignored="0" total="1" passed="1" failed="0" skipped="0">
  <reporter-output>
  </reporter-output>
  <suite started-at="2025-06-12T18:54:00 IST" name="Default suite" finished-at="2025-06-12T18:54:15 IST" duration-ms="14952">
    <groups>
    </groups>
    <test started-at="2025-06-12T18:54:00 IST" name="Default test" finished-at="2025-06-12T18:54:15 IST" duration-ms="14952">
      <class name="Classproject.classtestproject.Testcase_5_AddtoAddress">
        <test-method is-config="true" signature="launchingBrowser()[pri:0, instance:Classproject.classtestproject.Testcase_5_AddtoAddress@78691363]" started-at="2025-06-12T18:54:00 IST" name="launchingBrowser" finished-at="2025-06-12T18:54:09 IST" duration-ms="8131" status="PASS">
          <reporter-output>
          </reporter-output>
        </test-method> <!-- launchingBrowser -->
        <test-method signature="addaddress()[pri:0, instance:Classproject.classtestproject.Testcase_5_AddtoAddress@78691363]" started-at="2025-06-12T18:54:09 IST" name="addaddress" finished-at="2025-06-12T18:54:15 IST" duration-ms="6736" status="PASS">
          <reporter-output>
          </reporter-output>
        </test-method> <!-- addaddress -->
      </class> <!-- Classproject.classtestproject.Testcase_5_AddtoAddress -->
    </test> <!-- Default test -->
  </suite> <!-- Default suite -->
</testng-results>
