<?xml version="1.0" encoding="UTF-8"?>
<testng-results ignored="0" total="1" passed="1" failed="0" skipped="0">
  <reporter-output>
    <line>
      <![CDATA[Successfully done to account]]>
    </line>
    <line>
      <![CDATA[successful done step 3]]>
    </line>
    <line>
      <![CDATA[Successful signin1]]>
    </line>
    <line>
      <![CDATA[Enter the username]]>
    </line>
    <line>
      <![CDATA[Cliking continue]]>
    </line>
    <line>
      <![CDATA[Entering password]]>
    </line>
    <line>
      <![CDATA[Successful login in]]>
    </line>
    <line>
      <![CDATA[Successfully close]]>
    </line>
  </reporter-output>
  <suite started-at="2025-06-16T22:40:24 IST" name="Default suite" finished-at="2025-06-16T22:40:33 IST" duration-ms="9619">
    <groups>
    </groups>
    <test started-at="2025-06-16T22:40:24 IST" name="Default test" finished-at="2025-06-16T22:40:33 IST" duration-ms="9619">
      <class name="Amazon_pacakge.Amazon_project.Test_1_Execution">
        <test-method is-config="true" signature="login_in()[pri:0, instance:Amazon_pacakge.Amazon_project.Test_1_Execution@4c39bec8]" started-at="2025-06-16T22:40:24 IST" name="login_in" finished-at="2025-06-16T22:40:30 IST" duration-ms="5793" status="PASS">
          <reporter-output>
            <line>
              <![CDATA[Successfully done to account]]>
            </line>
          </reporter-output>
        </test-method> <!-- login_in -->
        <test-method signature="loginsuccesful()[pri:0, instance:Amazon_pacakge.Amazon_project.Test_1_Execution@4c39bec8]" started-at="2025-06-16T22:40:30 IST" name="loginsuccesful" finished-at="2025-06-16T22:40:33 IST" duration-ms="3588" status="PASS">
          <reporter-output>
            <line>
              <![CDATA[successful done step 3]]>
            </line>
            <line>
              <![CDATA[Successful signin1]]>
            </line>
            <line>
              <![CDATA[Enter the username]]>
            </line>
            <line>
              <![CDATA[Cliking continue]]>
            </line>
            <line>
              <![CDATA[Entering password]]>
            </line>
            <line>
              <![CDATA[Successful login in]]>
            </line>
          </reporter-output>
        </test-method> <!-- loginsuccesful -->
        <test-method is-config="true" signature="log_out()[pri:0, instance:Amazon_pacakge.Amazon_project.Test_1_Execution@4c39bec8]" started-at="2025-06-16T22:40:33 IST" name="log_out" finished-at="2025-06-16T22:40:33 IST" duration-ms="184" status="PASS">
          <reporter-output>
            <line>
              <![CDATA[Successfully close]]>
            </line>
          </reporter-output>
        </test-method> <!-- log_out -->
      </class> <!-- Amazon_pacakge.Amazon_project.Test_1_Execution -->
    </test> <!-- Default test -->
  </suite> <!-- Default suite -->
</testng-results>
