<?xml version="1.0" encoding="UTF-8"?>
<testng-results ignored="0" total="1" passed="1" failed="0" skipped="0">
  <reporter-output>
  </reporter-output>
  <suite started-at="2025-06-13T00:45:35 IST" name="Suite" finished-at="2025-06-13T00:45:49 IST" duration-ms="14298">
    <groups>
    </groups>
    <test started-at="2025-06-13T00:45:35 IST" name="Default test" finished-at="2025-06-13T00:45:49 IST" duration-ms="14298">
      <class name="project1.Test_6_filteroption">
        <test-method signature="filterbtn()[pri:0, instance:project1.Test_6_filteroption@5dda768f]" started-at="2025-06-13T00:45:35 IST" name="filterbtn" finished-at="2025-06-13T00:45:49 IST" duration-ms="14246" status="PASS">
          <reporter-output>
          </reporter-output>
        </test-method> <!-- filterbtn -->
      </class> <!-- project1.Test_6_filteroption -->
    </test> <!-- Default test -->
  </suite> <!-- Suite -->
</testng-results>
